2023-03-06 00:31:18,327 - INFO - User martinleontech23@gmail.com logged in successfully
2023-03-06 17:01:45,762 - WARNING - User abdinassirarab003@gmail.com Logg in Attempt Failed
2023-03-06 19:18:40,946 - WARNING - User martinwambugu444@gmail.com Log in Attempt Failed
2023-03-06 21:23:08,513 - INFO - User martinleontech23@gmail.com logged in successfully
2023-03-06 23:15:42,778 - INFO - User martinleontech23@gmail.com logged in successfully
2023-03-07 01:15:44,321 - INFO - User martinleontech23@gmail.com Accessed harriet proposal.pdf
2023-03-07 01:16:11,248 - INFO - User martinleontech23@gmail.com Accessed COSF 424 Criminal investigation Assignment article at HP.pdf
2023-03-08 18:35:41,733 - INFO - User martinleontech23@gmail.com logged in successfully
2023-03-08 19:00:42,638 - INFO - User martinleontech23@gmail.com Access profile successfully
2023-03-08 19:00:58,351 - INFO - User martinleontech23@gmail.com Access profile successfully
2023-03-08 19:01:12,549 - INFO - User martinleontech23@gmail.com Access profile successfully
2023-03-08 19:01:13,742 - INFO - User martinleontech23@gmail.com Access profile successfully
2023-03-08 19:01:14,513 - INFO - User martinleontech23@gmail.com Access profile successfully
2023-03-08 19:01:15,092 - INFO - User martinleontech23@gmail.com Access profile successfully
2023-03-08 19:02:27,857 - INFO - User martinleontech23@gmail.com Access profile successfully
2023-03-08 19:26:00,503 - INFO - User martinleontech23@gmail.com Access profile successfully
2023-03-08 19:29:23,858 - INFO - User martinleontech23@gmail.com Accessed COSF 424 Criminal investigation Assignment article at HP.pdf
2023-03-08 19:29:29,944 - INFO - User martinleontech23@gmail.com Accessed COSF 424 Criminal investigation Assignment article at HP.pdf
2023-03-18 21:13:11,238 - WARNING - User martinleontech23@gmail.com Log in Attempt Failed
2023-03-18 21:13:29,398 - INFO - User martinleontech23@gmail.com logged in successfully
2023-03-18 21:14:29,712 - INFO - User martinleontech23@gmail.com Accessed harriet proposal.pdf
2023-03-18 21:18:33,181 - INFO - User martinleontech23@gmail.com Accessed harriet proposal.pdf
2023-03-18 21:19:03,598 - INFO - User martinleontech23@gmail.com Accessed harriet proposal.pdf
2023-03-18 21:19:59,314 - INFO - User martinleontech23@gmail.com Accessed harriet proposal.pdf
2023-03-18 21:20:31,256 - INFO - User martinleontech23@gmail.com Accessed harriet proposal.pdf
2023-03-18 21:20:56,157 - INFO - User martinleontech23@gmail.com Accessed harriet proposal.pdf
2023-03-18 21:21:17,663 - INFO - User martinleontech23@gmail.com Accessed harriet proposal.pdf
2023-03-18 21:21:55,030 - INFO - User martinleontech23@gmail.com Accessed harriet proposal.pdf
2023-03-19 18:50:42,375 - INFO - User martinleontech23@gmail.com logged in successfully
2023-03-19 18:51:16,821 - INFO - User martinleontech23@gmail.com Accessed harriet proposal.pdf
2023-03-19 18:51:31,331 - INFO - User martinleontech23@gmail.com Accessed COSF 424 Criminal investigation Assignment article at HP.pdf
2023-03-29 12:06:29,855 - INFO - User martinleontech23@gmail.com logged in successfully
2023-03-29 12:08:13,430 - INFO - User martinleontech23@gmail.com Access profile successfully
2023-03-29 12:09:06,232 - INFO - User martinleontech23@gmail.com Access profile successfully
2023-03-29 12:10:28,190 - INFO - User martinleontech23@gmail.com logged in successfully
2023-03-29 12:10:28,199 - INFO - User martinleontech23@gmail.com Access profile successfully
2023-03-29 12:13:11,640 - INFO - User martinleontech23@gmail.com logged in successfully
2023-03-29 12:13:11,673 - INFO - User martinleontech23@gmail.com Access profile successfully
2023-03-29 12:19:33,333 - INFO - User martinleontech23@gmail.com logged in successfully
2023-03-29 12:19:33,343 - INFO - User martinleontech23@gmail.com Access profile successfully
2023-03-29 13:50:52,189 - INFO - User martinleontech23@gmail.com logged in successfully
2023-03-29 13:50:52,198 - INFO - User martinleontech23@gmail.com Access profile successfully
2024-03-26 10:44:43,804 - WARNING - User 20pa1a0521@vishnu.edu.in Log in Attempt Failed
2024-03-26 10:44:58,561 - INFO - User 20pa1a0521@vishnu.edu.in registered successfully
2024-03-26 10:45:04,450 - INFO - User 20pa1a0521@vishnu.edu.in logged in successfully
2024-03-26 10:45:04,468 - INFO - User 20pa1a0521@vishnu.edu.in Access profile successfully
2024-03-26 10:45:55,440 - INFO - User 20pa1a0521@vishnu.edu.in logged in successfully
2024-03-26 10:45:55,457 - INFO - User 20pa1a0521@vishnu.edu.in Access profile successfully
2024-03-26 10:47:08,908 - INFO - User 20pa1a0521@vishnu.edu.in logged in successfully
2024-03-26 10:47:08,921 - INFO - User 20pa1a0521@vishnu.edu.in Access profile successfully
2024-03-26 10:51:47,708 - INFO - User 20pa1a0521@vishnu.edu.in logged in successfully
2024-03-26 10:51:47,723 - INFO - User 20pa1a0521@vishnu.edu.in Access profile successfully
2024-03-26 12:45:21,287 - INFO - User 20pa1a0521@vishnu.edu.in logged in successfully
2024-03-26 12:45:21,294 - INFO - User 20pa1a0521@vishnu.edu.in Access profile successfully
2024-03-26 12:53:59,858 - INFO - User 20pa1a0521@vishnu.edu.in logged in successfully
2024-03-26 12:53:59,865 - INFO - User 20pa1a0521@vishnu.edu.in Access profile successfully
2024-03-26 12:58:40,585 - INFO - User 20pa1a0521@vishnu.edu.in logged in successfully
2024-03-26 12:58:40,591 - INFO - User 20pa1a0521@vishnu.edu.in Access profile successfully
2024-03-26 14:58:30,659 - INFO - User 20pa1a0521@vishnu.edu.in logged in successfully
2024-03-26 14:58:30,669 - INFO - User 20pa1a0521@vishnu.edu.in Access profile successfully
2024-03-26 14:59:32,044 - INFO - User 20pa1a0521@vishnu.edu.in Accessed doc.pdf
2024-03-26 14:59:49,235 - INFO - User 20pa1a0521@vishnu.edu.in Accessed fire.pdf
2024-03-26 15:00:56,755 - INFO - User 20pa1a0521@vishnu.edu.in logged in successfully
2024-03-26 15:00:56,769 - INFO - User 20pa1a0521@vishnu.edu.in Access profile successfully
2024-03-26 15:01:02,414 - INFO - User 20pa1a0521@vishnu.edu.in Accessed 1.pdf
2024-03-26 15:02:26,523 - INFO - User 20pa1a0521@vishnu.edu.in Accessed 1.pdf
2024-03-26 15:03:32,034 - INFO - User 20pa1a0521@vishnu.edu.in Accessed 1.pdf
2024-03-26 15:03:38,741 - INFO - User 20pa1a0521@vishnu.edu.in Accessed 1.pdf
2024-03-26 15:03:42,228 - INFO - User 20pa1a0521@vishnu.edu.in Accessed doc.pdf
2024-03-26 15:05:07,942 - INFO - User 20pa1a0521@vishnu.edu.in logged in successfully
2024-03-26 15:05:07,953 - INFO - User 20pa1a0521@vishnu.edu.in Access profile successfully
2024-03-26 15:05:14,672 - INFO - User 20pa1a0521@vishnu.edu.in accessed 1.pdf
2024-03-26 15:06:34,214 - INFO - User 20pa1a0521@vishnu.edu.in logged in successfully
2024-03-26 15:06:34,228 - INFO - User 20pa1a0521@vishnu.edu.in Access profile successfully
2024-03-26 15:06:37,468 - INFO - User 20pa1a0521@vishnu.edu.in Accessed xyz.pdf
2024-03-26 15:07:37,284 - INFO - User 20pa1a0521@vishnu.edu.in Accessed xyz.pdf
2024-04-07 18:23:47,994 - INFO - User 20pa1a0521@vishnu.edu.in logged in successfully
2024-04-07 18:23:48,004 - INFO - User 20pa1a0521@vishnu.edu.in Access profile successfully
2024-04-07 18:23:52,780 - INFO - User 20pa1a0521@vishnu.edu.in Accessed A3.pdf
